<?xml version="1.0" encoding="UTF-8"?>
<!-- Generated by org.testng.reporters.JUnitReportReporter -->
<testsuite hostname="DESKTOP-BAS9I4H" failures="0" tests="1" name="com.bit.test.DBTest" time="0.001" errors="0" timestamp="2021-03-21T11:32:32 EDT" skipped="0">
  <testcase classname="com.bit.test.DBTest" name="f" time="0.001"/>
  <system-out/>
</testsuite> <!-- com.bit.test.DBTest -->
