<?xml version="1.0" encoding="UTF-8"?>
<!-- Generated by org.testng.reporters.JUnitReportReporter -->
<testsuite hostname="DESKTOP-BAS9I4H" failures="0" tests="2" name="com.bit.test.RegressionTest" time="0.005" errors="0" timestamp="2021-04-06T02:31:13 EDT" skipped="0">
  <testcase classname="com.bit.test.RegressionTest" name="BuyShirt" time="0.002"/>
  <system-out/>
  <testcase classname="com.bit.test.RegressionTest" name="BuyPants" time="0.003"/>
  <system-out/>
</testsuite> <!-- com.bit.test.RegressionTest -->
