<?xml version="1.0" encoding="UTF-8"?>
<!-- Generated by org.testng.reporters.JUnitReportReporter -->
<testsuite hostname="DESKTOP-BAS9I4H" failures="0" tests="1" name="DB.DataDriven3" time="0.000" errors="0" timestamp="2021-07-24T23:53:40 EDT" skipped="1">
  <testcase classname="DB.DataDriven3" name="datadrivenpractice" time="0.000">
    <skipped/>
  </testcase> <!-- datadrivenpractice -->
  <system-out/>
</testsuite> <!-- DB.DataDriven3 -->
